<?xml version="1.0" encoding="UTF-8"?>
<!-- Generated by org.testng.reporters.JUnitReportReporter -->
<testsuite hostname="DESKTOP-HA7UAD2" failures="0" tests="2" name="selenium.BeforeAfterExample" time="0.004" errors="0" timestamp="2021-10-12T21:35:59 EEST" skipped="0">
  <testcase classname="selenium.BeforeAfterExample" name="one" time="0.003"/>
  <system-out/>
  <testcase classname="selenium.BeforeAfterExample" name="second" time="0.001"/>
  <system-out/>
</testsuite> <!-- selenium.BeforeAfterExample -->
