<?xml version="1.0" encoding="UTF-8"?>
<!-- Generated by org.testng.reporters.JUnitReportReporter -->
<testsuite hostname="DESKTOP-HA7UAD2" failures="0" tests="5" name="selenium.TestNgExample" time="0.010" errors="0" timestamp="2021-10-12T21:27:59 EEST" skipped="0">
  <testcase classname="selenium.TestNgExample" name="one" time="0.001"/>
  <system-out/>
  <testcase classname="selenium.TestNgExample" name="fifth" time="0.008"/>
  <system-out/>
  <testcase classname="selenium.TestNgExample" name="fourth" time="0.001"/>
  <system-out/>
  <testcase classname="selenium.TestNgExample" name="second" time="0.000"/>
  <system-out/>
  <testcase classname="selenium.TestNgExample" name="third" time="0.000"/>
  <system-out/>
</testsuite> <!-- selenium.TestNgExample -->
